<?xml version="1.0" encoding="UTF-8"?>
<!-- Generated by org.testng.reporters.JUnitXMLReporter -->
<testsuite ignored="0" hostname="SEIODC741" failures="2" tests="8" name="OrangeHRMTestCases" time="165.228" errors="0" timestamp="2020-04-17T16:57:18 IST">
  <testcase classname="com.hrm.qa.testcases.HomePageTest" name="VerifyHomePageTitleTest" time="0.027"/>
  <testcase classname="com.hrm.qa.testcases.HomePageTest" name="VerifyLoggedInUserTest" time="0.098"/>
  <testcase classname="com.hrm.qa.testcases.HomePageTest" name="clickOnTimeLinkTest" time="1.015"/>
  <testcase classname="com.hrm.qa.testcases.RecruitmentPageTest" name="verifyRecruitmentPageLoadedTest" time="0.039">
    <failure type="java.lang.AssertionError" message="Recruitment page not loaded expected [Candidates] but found []">
      <![CDATA[java.lang.AssertionError: Recruitment page not loaded expected [Candidates] but found []
at com.hrm.qa.testcases.RecruitmentPageTest.verifyRecruitmentPageLoadedTest(RecruitmentPageTest.java:40)
at java.base/java.util.ArrayList.forEach(ArrayList.java:1510)
... Removed 31 stack frames]]>
    </failure>
  </testcase> <!-- verifyRecruitmentPageLoadedTest -->
  <testcase classname="com.hrm.qa.testcases.LoginPageTest" name="ValidateHRMLogoTest" time="0.091"/>
  <testcase classname="com.hrm.qa.testcases.LoginPageTest" name="loginTest" time="3.514"/>
  <testcase classname="com.hrm.qa.testcases.LoginPageTest" name="validateLoginPageTitleTest" time="0.016"/>
  <testcase classname="com.hrm.qa.testcases.TimePageTest" name="verifyTimePageLoadedTest" time="30.031">
    <failure type="org.openqa.selenium.NoSuchElementException" message="no such element: Unable to locate element: {&amp;quot;method&amp;quot;:&amp;quot;xpath&amp;quot;,&amp;quot;selector&amp;quot;:&amp;quot;//a[@id=&amp;apos;menu_time_Timesheets&amp;apos;]&amp;quot;}
  (Session info: chrome=80.0.3987.163)
For documentation on this error, please visit: https://www.seleniumhq.org/exceptions/no_such_element.html
Build info: version: &amp;apos;3.141.59&amp;apos;, revision: &amp;apos;e82be7d358&amp;apos;, time: &amp;apos;2018-11-14T08:17:03&amp;apos;
System info: host: &amp;apos;SEIODC741&amp;apos;, ip: &amp;apos;192.168.0.128&amp;apos;, os.name: &amp;apos;Windows 10&amp;apos;, os.arch: &amp;apos;amd64&amp;apos;, os.version: &amp;apos;10.0&amp;apos;, java.version: &amp;apos;14&amp;apos;
Driver info: org.openqa.selenium.chrome.ChromeDriver
Capabilities {acceptInsecureCerts: false, browserName: chrome, browserVersion: 80.0.3987.163, chrome: {chromedriverVersion: 80.0.3987.106 (f68069574609..., userDataDir: C:\Users\KAMALA~1.GAN\AppDa...}, goog:chromeOptions: {debuggerAddress: localhost:51969}, javascriptEnabled: true, networkConnectionEnabled: false, pageLoadStrategy: normal, platform: WINDOWS, platformName: WINDOWS, proxy: Proxy(), setWindowRect: true, strictFileInteractability: false, timeouts: {implicit: 0, pageLoad: 300000, script: 30000}, unhandledPromptBehavior: dismiss and notify}
Session ID: bf5f6d2ea742f4001c7c11dafa772dc7
*** Element info: {Using=xpath, value=//a[@id=&amp;apos;menu_time_Timesheets&amp;apos;]}">
      <![CDATA[org.openqa.selenium.NoSuchElementException: no such element: Unable to locate element: {"method":"xpath","selector":"//a[@id='menu_time_Timesheets']"}
  (Session info: chrome=80.0.3987.163)
For documentation on this error, please visit: https://www.seleniumhq.org/exceptions/no_such_element.html
Build info: version: '3.141.59', revision: 'e82be7d358', time: '2018-11-14T08:17:03'
System info: host: 'SEIODC741', ip: '192.168.0.128', os.name: 'Windows 10', os.arch: 'amd64', os.version: '10.0', java.version: '14'
Driver info: org.openqa.selenium.chrome.ChromeDriver
Capabilities {acceptInsecureCerts: false, browserName: chrome, browserVersion: 80.0.3987.163, chrome: {chromedriverVersion: 80.0.3987.106 (f68069574609..., userDataDir: C:\Users\KAMALA~1.GAN\AppDa...}, goog:chromeOptions: {debuggerAddress: localhost:51969}, javascriptEnabled: true, networkConnectionEnabled: false, pageLoadStrategy: normal, platform: WINDOWS, platformName: WINDOWS, proxy: Proxy(), setWindowRect: true, strictFileInteractability: false, timeouts: {implicit: 0, pageLoad: 300000, script: 30000}, unhandledPromptBehavior: dismiss and notify}
Session ID: bf5f6d2ea742f4001c7c11dafa772dc7
*** Element info: {Using=xpath, value=//a[@id='menu_time_Timesheets']}
at org.openqa.selenium.remote.http.W3CHttpResponseCodec.createException(W3CHttpResponseCodec.java:187)
at org.openqa.selenium.remote.http.W3CHttpResponseCodec.decode(W3CHttpResponseCodec.java:122)
at org.openqa.selenium.remote.http.W3CHttpResponseCodec.decode(W3CHttpResponseCodec.java:49)
at org.openqa.selenium.remote.HttpCommandExecutor.execute(HttpCommandExecutor.java:158)
at org.openqa.selenium.remote.service.DriverCommandExecutor.execute(DriverCommandExecutor.java:83)
at org.openqa.selenium.remote.RemoteWebDriver.execute(RemoteWebDriver.java:552)
at org.openqa.selenium.remote.RemoteWebDriver.findElement(RemoteWebDriver.java:323)
at org.openqa.selenium.remote.RemoteWebDriver.findElementByXPath(RemoteWebDriver.java:428)
at org.openqa.selenium.By$ByXPath.findElement(By.java:353)
at org.openqa.selenium.remote.RemoteWebDriver.findElement(RemoteWebDriver.java:315)
at org.openqa.selenium.support.pagefactory.DefaultElementLocator.findElement(DefaultElementLocator.java:69)
at org.openqa.selenium.support.pagefactory.internal.LocatingElementHandler.invoke(LocatingElementHandler.java:38)
at com.sun.proxy.$Proxy12.isDisplayed(Unknown Source)
at com.hrm.qa.pages.TimePage.verifyTimePageLoaded(TimePage.java:21)
at com.hrm.qa.testcases.TimePageTest.verifyTimePageLoadedTest(TimePageTest.java:39)
at java.base/java.util.ArrayList.forEach(ArrayList.java:1510)
... Removed 32 stack frames]]>
    </failure>
  </testcase> <!-- verifyTimePageLoadedTest -->
</testsuite> <!-- OrangeHRMTestCases -->
